<?xml version="1.0" encoding="UTF-8"?>
<!-- Generated by org.testng.reporters.JUnitReportReporter -->
<testsuite skipped="0" hostname="DESKTOP-7QV7IG1" name="org.example.testRunner.runners" tests="1" failures="0" timestamp="2022-08-05T18:10:22 EET" time="12.688" errors="0">
  <testcase name="runScenario" time="12.688" classname="org.example.testRunner.runners"/>
  <system-out/>
</testsuite> <!-- org.example.testRunner.runners -->
